e:\pcl_tutorial\qtexample\qtwidgetsapplication1\qtwidgetsapplication1\x64\debug\moc_qtwidgetsapplication1.obj
e:\pcl_tutorial\qtexample\qtwidgetsapplication1\qtwidgetsapplication1\x64\debug\qrc_qtwidgetsapplication1.obj
e:\pcl_tutorial\qtexample\qtwidgetsapplication1\qtwidgetsapplication1\x64\debug\vc142.pdb
e:\pcl_tutorial\qtexample\qtwidgetsapplication1\qtwidgetsapplication1\x64\debug\main.obj
e:\pcl_tutorial\qtexample\qtwidgetsapplication1\qtwidgetsapplication1\x64\debug\qtwidgetsapplication1.obj
e:\pcl_tutorial\qtexample\qtwidgetsapplication1\x64\debug\qtwidgetsapplication1.exe
e:\pcl_tutorial\qtexample\qtwidgetsapplication1\x64\debug\qtwidgetsapplication1.ilk
e:\pcl_tutorial\qtexample\qtwidgetsapplication1\x64\debug\qtwidgetsapplication1.pdb
e:\pcl_tutorial\qtexample\qtwidgetsapplication1\qtwidgetsapplication1\x64\debug\moc\moc_qtwidgetsapplication1.cpp
e:\pcl_tutorial\qtexample\qtwidgetsapplication1\qtwidgetsapplication1\x64\debug\uic\ui_qtwidgetsapplication1.h
e:\pcl_tutorial\qtexample\qtwidgetsapplication1\qtwidgetsapplication1\x64\debug\rcc\qrc_qtwidgetsapplication1.cpp
e:\pcl_tutorial\qtexample\qtwidgetsapplication1\qtwidgetsapplication1\x64\debug\qtwidget.ef3b1bdb.tlog\cl.command.1.tlog
e:\pcl_tutorial\qtexample\qtwidgetsapplication1\qtwidgetsapplication1\x64\debug\qtwidget.ef3b1bdb.tlog\cl.read.1.tlog
e:\pcl_tutorial\qtexample\qtwidgetsapplication1\qtwidgetsapplication1\x64\debug\qtwidget.ef3b1bdb.tlog\cl.write.1.tlog
e:\pcl_tutorial\qtexample\qtwidgetsapplication1\qtwidgetsapplication1\x64\debug\qtwidget.ef3b1bdb.tlog\link.command.1.tlog
e:\pcl_tutorial\qtexample\qtwidgetsapplication1\qtwidgetsapplication1\x64\debug\qtwidget.ef3b1bdb.tlog\link.read.1.tlog
e:\pcl_tutorial\qtexample\qtwidgetsapplication1\qtwidgetsapplication1\x64\debug\qtwidget.ef3b1bdb.tlog\link.write.1.tlog
e:\pcl_tutorial\qtexample\qtwidgetsapplication1\qtwidgetsapplication1\x64\debug\qtwidget.ef3b1bdb.tlog\moc.read.1u.tlog
e:\pcl_tutorial\qtexample\qtwidgetsapplication1\qtwidgetsapplication1\x64\debug\qtwidget.ef3b1bdb.tlog\moc.write.1u.tlog
e:\pcl_tutorial\qtexample\qtwidgetsapplication1\qtwidgetsapplication1\x64\debug\qtwidget.ef3b1bdb.tlog\qtwidgetsapplication1.write.1u.tlog
e:\pcl_tutorial\qtexample\qtwidgetsapplication1\qtwidgetsapplication1\x64\debug\qtwidget.ef3b1bdb.tlog\rcc.read.1u.tlog
e:\pcl_tutorial\qtexample\qtwidgetsapplication1\qtwidgetsapplication1\x64\debug\qtwidget.ef3b1bdb.tlog\rcc.write.1u.tlog
e:\pcl_tutorial\qtexample\qtwidgetsapplication1\qtwidgetsapplication1\x64\debug\qtwidget.ef3b1bdb.tlog\uic.read.1u.tlog
e:\pcl_tutorial\qtexample\qtwidgetsapplication1\qtwidgetsapplication1\x64\debug\qtwidget.ef3b1bdb.tlog\uic.write.1u.tlog
