e:\pcl_tutorial\qtexample\qtwidgetsapplication1\qtwidgetsapplication1\x64\release\qrc_qtwidgetsapplication1.obj
e:\pcl_tutorial\qtexample\qtwidgetsapplication1\qtwidgetsapplication1\x64\release\moc_qtwidgetsapplication1.obj
e:\pcl_tutorial\qtexample\qtwidgetsapplication1\qtwidgetsapplication1\x64\release\qtwidgetsapplication1.obj
e:\pcl_tutorial\qtexample\qtwidgetsapplication1\qtwidgetsapplication1\x64\release\main.obj
e:\pcl_tutorial\qtexample\qtwidgetsapplication1\x64\release\qtwidgetsapplication1.exe
e:\pcl_tutorial\qtexample\qtwidgetsapplication1\qtwidgetsapplication1\x64\release\moc\moc_qtwidgetsapplication1.cpp
e:\pcl_tutorial\qtexample\qtwidgetsapplication1\qtwidgetsapplication1\x64\release\uic\ui_qtwidgetsapplication1.h
e:\pcl_tutorial\qtexample\qtwidgetsapplication1\qtwidgetsapplication1\x64\release\rcc\qrc_qtwidgetsapplication1.cpp
e:\pcl_tutorial\qtexample\qtwidgetsapplication1\qtwidgetsapplication1\x64\release\qtwidget.ef3b1bdb.tlog\cl.18452.write.1.tlog
e:\pcl_tutorial\qtexample\qtwidgetsapplication1\qtwidgetsapplication1\x64\release\qtwidget.ef3b1bdb.tlog\cl.command.1.tlog
e:\pcl_tutorial\qtexample\qtwidgetsapplication1\qtwidgetsapplication1\x64\release\qtwidget.ef3b1bdb.tlog\cl.read.1.tlog
e:\pcl_tutorial\qtexample\qtwidgetsapplication1\qtwidgetsapplication1\x64\release\qtwidget.ef3b1bdb.tlog\link.command.1.tlog
e:\pcl_tutorial\qtexample\qtwidgetsapplication1\qtwidgetsapplication1\x64\release\qtwidget.ef3b1bdb.tlog\link.read.1.tlog
e:\pcl_tutorial\qtexample\qtwidgetsapplication1\qtwidgetsapplication1\x64\release\qtwidget.ef3b1bdb.tlog\link.write.1.tlog
e:\pcl_tutorial\qtexample\qtwidgetsapplication1\qtwidgetsapplication1\x64\release\qtwidget.ef3b1bdb.tlog\moc.read.1u.tlog
e:\pcl_tutorial\qtexample\qtwidgetsapplication1\qtwidgetsapplication1\x64\release\qtwidget.ef3b1bdb.tlog\moc.write.1u.tlog
e:\pcl_tutorial\qtexample\qtwidgetsapplication1\qtwidgetsapplication1\x64\release\qtwidget.ef3b1bdb.tlog\qtwidgetsapplication1.write.1u.tlog
e:\pcl_tutorial\qtexample\qtwidgetsapplication1\qtwidgetsapplication1\x64\release\qtwidget.ef3b1bdb.tlog\rcc.read.1u.tlog
e:\pcl_tutorial\qtexample\qtwidgetsapplication1\qtwidgetsapplication1\x64\release\qtwidget.ef3b1bdb.tlog\rcc.write.1u.tlog
e:\pcl_tutorial\qtexample\qtwidgetsapplication1\qtwidgetsapplication1\x64\release\qtwidget.ef3b1bdb.tlog\uic.read.1u.tlog
e:\pcl_tutorial\qtexample\qtwidgetsapplication1\qtwidgetsapplication1\x64\release\qtwidget.ef3b1bdb.tlog\uic.write.1u.tlog
